<?xml version="1.0" encoding="UTF-8"?>
<testsuite xmlns:xsi="http://www.w3.org/2001/XMLSchema-instance" xsi:noNamespaceSchemaLocation="https://maven.apache.org/surefire/maven-surefire-plugin/xsd/surefire-test-report-3.0.xsd" version="3.0" name="com.example.shop.OrderItemTest" time="0.015" tests="4" errors="0" skipped="0" failures="0">
  <properties>
[...]
</properties>
  <testcase name="testGetTotalPrice_MultipleItems" classname="com.example.shop.OrderItemTest" time="0.002"/>
  <testcase name="testConstructor_NegativeQuantity_ThrowsException" classname="com.example.shop.OrderItemTest" time="0.003"/>
  <testcase name="testConstructor_NegativePrice_ThrowsException" classname="com.example.shop.OrderItemTest" time="0.004"/>
  <testcase name="testGetQuantity_SingleItem" classname="com.example.shop.OrderItemTest" time="0.001"/>
</testsuite>